[0.322s] DEBUG:colcon:Command line arguments: ['/usr/bin/colcon', 'build']
[0.323s] DEBUG:colcon:Parsed command line arguments: Namespace(log_base=None, log_level=None, verb_name='build', build_base='build', install_base='install', merge_install=False, symlink_install=False, test_result_base=None, continue_on_error=False, executor='parallel', parallel_workers=6, event_handlers=None, ignore_user_meta=False, metas=['./colcon.meta'], base_paths=['.'], packages_ignore=None, packages_ignore_regex=None, paths=None, packages_up_to=None, packages_up_to_regex=None, packages_above=None, packages_above_and_dependencies=None, packages_above_depth=None, packages_select_by_dep=None, packages_skip_by_dep=None, packages_skip_up_to=None, packages_select_build_failed=False, packages_skip_build_finished=False, packages_select_test_failures=False, packages_skip_test_passed=False, packages_select=None, packages_skip=None, packages_select_regex=None, packages_skip_regex=None, packages_start=None, packages_end=None, allow_overriding=[], cmake_args=None, cmake_target=None, cmake_target_skip_unavailable=False, cmake_clean_cache=False, cmake_clean_first=False, cmake_force_configure=False, ament_cmake_args=None, catkin_cmake_args=None, catkin_skip_building_tests=False, mixin_files=None, mixin=None, verb_parser=<colcon_mixin.mixin.mixin_argument.MixinArgumentDecorator object at 0x7f0ead267500>, verb_extension=<colcon_core.verb.build.BuildVerb object at 0x7f0ead266780>, main=<bound method BuildVerb.main of <colcon_core.verb.build.BuildVerb object at 0x7f0ead266780>>, mixin_verb=('build',))
[0.406s] Level 1:colcon.colcon_core.package_discovery:discover_packages(colcon_meta) check parameters
[0.406s] Level 1:colcon.colcon_core.package_discovery:discover_packages(recursive) check parameters
[0.406s] Level 1:colcon.colcon_core.package_discovery:discover_packages(ignore) check parameters
[0.406s] Level 1:colcon.colcon_core.package_discovery:discover_packages(path) check parameters
[0.406s] Level 1:colcon.colcon_core.package_discovery:discover_packages(colcon_meta) discover
[0.406s] Level 1:colcon.colcon_core.package_discovery:discover_packages(recursive) discover
[0.406s] INFO:colcon.colcon_core.package_discovery:Crawling recursively for packages in '/home/vboxuser/colcon_ws/src/v2x_stack'
[0.407s] Level 1:colcon.colcon_core.package_identification:_identify(.) by extensions ['ignore', 'ignore_ament_install']
[0.407s] Level 1:colcon.colcon_core.package_identification:_identify(.) by extension 'ignore'
[0.407s] Level 1:colcon.colcon_core.package_identification:_identify(.) by extension 'ignore_ament_install'
[0.407s] Level 1:colcon.colcon_core.package_identification:_identify(.) by extensions ['colcon_pkg']
[0.407s] Level 1:colcon.colcon_core.package_identification:_identify(.) by extension 'colcon_pkg'
[0.407s] Level 1:colcon.colcon_core.package_identification:_identify(.) by extensions ['colcon_meta']
[0.407s] Level 1:colcon.colcon_core.package_identification:_identify(.) by extension 'colcon_meta'
[0.407s] Level 1:colcon.colcon_core.package_identification:_identify(.) by extensions ['ros']
[0.407s] Level 1:colcon.colcon_core.package_identification:_identify(.) by extension 'ros'
[0.448s] DEBUG:colcon.colcon_core.package_identification:Package '.' with type 'ros.ament_cmake' and name 'v2x_stack_btp'
[0.448s] Level 1:colcon.colcon_core.package_discovery:discover_packages(recursive) using defaults
[0.449s] Level 1:colcon.colcon_core.package_discovery:discover_packages(ignore) discover
[0.449s] Level 1:colcon.colcon_core.package_discovery:discover_packages(ignore) using defaults
[0.449s] Level 1:colcon.colcon_core.package_discovery:discover_packages(path) discover
[0.449s] Level 1:colcon.colcon_core.package_discovery:discover_packages(path) using defaults
[0.477s] Level 1:colcon.colcon_core.package_discovery:discover_packages(prefix_path) check parameters
[0.477s] Level 1:colcon.colcon_core.package_discovery:discover_packages(prefix_path) discover
[0.482s] DEBUG:colcon.colcon_installed_package_information.package_discovery:Found 287 installed packages in /opt/ros/jazzy
[0.483s] Level 1:colcon.colcon_core.package_discovery:discover_packages(prefix_path) using defaults
[0.522s] Level 5:colcon.colcon_core.verb:set package 'v2x_stack_btp' build argument 'cmake_args' from command line to 'None'
[0.522s] Level 5:colcon.colcon_core.verb:set package 'v2x_stack_btp' build argument 'cmake_target' from command line to 'None'
[0.522s] Level 5:colcon.colcon_core.verb:set package 'v2x_stack_btp' build argument 'cmake_target_skip_unavailable' from command line to 'False'
[0.522s] Level 5:colcon.colcon_core.verb:set package 'v2x_stack_btp' build argument 'cmake_clean_cache' from command line to 'False'
[0.522s] Level 5:colcon.colcon_core.verb:set package 'v2x_stack_btp' build argument 'cmake_clean_first' from command line to 'False'
[0.522s] Level 5:colcon.colcon_core.verb:set package 'v2x_stack_btp' build argument 'cmake_force_configure' from command line to 'False'
[0.522s] Level 5:colcon.colcon_core.verb:set package 'v2x_stack_btp' build argument 'ament_cmake_args' from command line to 'None'
[0.522s] Level 5:colcon.colcon_core.verb:set package 'v2x_stack_btp' build argument 'catkin_cmake_args' from command line to 'None'
[0.522s] Level 5:colcon.colcon_core.verb:set package 'v2x_stack_btp' build argument 'catkin_skip_building_tests' from command line to 'False'
[0.522s] DEBUG:colcon.colcon_core.verb:Building package 'v2x_stack_btp' with the following arguments: {'ament_cmake_args': None, 'build_base': '/home/vboxuser/colcon_ws/src/v2x_stack/build/v2x_stack_btp', 'catkin_cmake_args': None, 'catkin_skip_building_tests': False, 'cmake_args': None, 'cmake_clean_cache': False, 'cmake_clean_first': False, 'cmake_force_configure': False, 'cmake_target': None, 'cmake_target_skip_unavailable': False, 'install_base': '/home/vboxuser/colcon_ws/src/v2x_stack/install/v2x_stack_btp', 'merge_install': False, 'path': '/home/vboxuser/colcon_ws/src/v2x_stack', 'symlink_install': False, 'test_result_base': None}
[0.522s] INFO:colcon.colcon_core.executor:Executing jobs using 'parallel' executor
[0.523s] DEBUG:colcon.colcon_parallel_executor.executor.parallel:run_until_complete
[0.523s] INFO:colcon.colcon_ros.task.ament_cmake.build:Building ROS package in '/home/vboxuser/colcon_ws/src/v2x_stack' with build type 'ament_cmake'
[0.524s] INFO:colcon.colcon_cmake.task.cmake.build:Building CMake package in '/home/vboxuser/colcon_ws/src/v2x_stack'
[0.529s] INFO:colcon.colcon_core.plugin_system:Skipping extension 'colcon_core.shell.bat': Not used on non-Windows systems
[0.529s] INFO:colcon.colcon_core.shell:Skip shell extension 'powershell' for command environment: Not usable outside of PowerShell
[0.529s] DEBUG:colcon.colcon_core.shell:Skip shell extension 'dsv' for command environment
[0.544s] DEBUG:colcon.colcon_core.event_handler.log_command:Invoking command in '/home/vboxuser/colcon_ws/src/v2x_stack/build/v2x_stack_btp': CMAKE_PREFIX_PATH=${CMAKE_PREFIX_PATH}:/opt/ros/jazzy DEBUGINFOD_URLS=https://debuginfod.ubuntu.com /usr/bin/cmake /home/vboxuser/colcon_ws/src/v2x_stack -DCMAKE_INSTALL_PREFIX=/home/vboxuser/colcon_ws/src/v2x_stack/install/v2x_stack_btp
[1.192s] DEBUG:colcon.colcon_core.event_handler.log_command:Invoked command in '/home/vboxuser/colcon_ws/src/v2x_stack/build/v2x_stack_btp' returned '1': CMAKE_PREFIX_PATH=${CMAKE_PREFIX_PATH}:/opt/ros/jazzy DEBUGINFOD_URLS=https://debuginfod.ubuntu.com /usr/bin/cmake /home/vboxuser/colcon_ws/src/v2x_stack -DCMAKE_INSTALL_PREFIX=/home/vboxuser/colcon_ws/src/v2x_stack/install/v2x_stack_btp
[1.207s] Level 1:colcon.colcon_core.environment:create_environment_scripts_only(v2x_stack_btp)
[1.223s] Level 1:colcon.colcon_core.environment:checking '/home/vboxuser/colcon_ws/src/v2x_stack/install/v2x_stack_btp' for CMake module files
[1.224s] Level 1:colcon.colcon_core.environment:checking '/home/vboxuser/colcon_ws/src/v2x_stack/install/v2x_stack_btp' for CMake config files
[1.224s] Level 1:colcon.colcon_core.environment:checking '/home/vboxuser/colcon_ws/src/v2x_stack/install/v2x_stack_btp/bin'
[1.224s] Level 1:colcon.colcon_core.environment:checking '/home/vboxuser/colcon_ws/src/v2x_stack/install/v2x_stack_btp/lib/pkgconfig/v2x_stack_btp.pc'
[1.225s] Level 1:colcon.colcon_core.environment:checking '/home/vboxuser/colcon_ws/src/v2x_stack/install/v2x_stack_btp/lib/python3.12/site-packages'
[1.225s] Level 1:colcon.colcon_core.environment:checking '/home/vboxuser/colcon_ws/src/v2x_stack/install/v2x_stack_btp/bin'
[1.225s] INFO:colcon.colcon_core.shell:Creating package script '/home/vboxuser/colcon_ws/src/v2x_stack/install/v2x_stack_btp/share/v2x_stack_btp/package.ps1'
[1.227s] INFO:colcon.colcon_core.shell:Creating package descriptor '/home/vboxuser/colcon_ws/src/v2x_stack/install/v2x_stack_btp/share/v2x_stack_btp/package.dsv'
[1.227s] INFO:colcon.colcon_core.shell:Creating package script '/home/vboxuser/colcon_ws/src/v2x_stack/install/v2x_stack_btp/share/v2x_stack_btp/package.sh'
[1.228s] INFO:colcon.colcon_core.shell:Creating package script '/home/vboxuser/colcon_ws/src/v2x_stack/install/v2x_stack_btp/share/v2x_stack_btp/package.bash'
[1.230s] INFO:colcon.colcon_core.shell:Creating package script '/home/vboxuser/colcon_ws/src/v2x_stack/install/v2x_stack_btp/share/v2x_stack_btp/package.zsh'
[1.231s] Level 1:colcon.colcon_core.environment:create_file_with_runtime_dependencies(/home/vboxuser/colcon_ws/src/v2x_stack/install/v2x_stack_btp/share/colcon-core/packages/v2x_stack_btp)
[1.241s] DEBUG:colcon.colcon_parallel_executor.executor.parallel:closing loop
[1.242s] DEBUG:colcon.colcon_parallel_executor.executor.parallel:loop closed
[1.242s] DEBUG:colcon.colcon_parallel_executor.executor.parallel:run_until_complete finished with '1'
[1.242s] DEBUG:colcon.colcon_core.event_reactor:joining thread
[1.254s] INFO:colcon.colcon_core.plugin_system:Skipping extension 'colcon_notification.desktop_notification.terminal_notifier': Not used on non-Darwin systems
[1.254s] INFO:colcon.colcon_core.plugin_system:Skipping extension 'colcon_notification.desktop_notification.win32': Not used on non-Windows systems
[1.255s] INFO:colcon.colcon_notification.desktop_notification:Sending desktop notification using 'notify2'
[1.278s] DEBUG:colcon.colcon_core.event_reactor:joined thread
[1.278s] INFO:colcon.colcon_core.shell:Creating prefix script '/home/vboxuser/colcon_ws/src/v2x_stack/install/local_setup.ps1'
[1.280s] INFO:colcon.colcon_core.shell:Creating prefix util module '/home/vboxuser/colcon_ws/src/v2x_stack/install/_local_setup_util_ps1.py'
[1.285s] INFO:colcon.colcon_core.shell:Creating prefix chain script '/home/vboxuser/colcon_ws/src/v2x_stack/install/setup.ps1'
[1.288s] INFO:colcon.colcon_core.shell:Creating prefix script '/home/vboxuser/colcon_ws/src/v2x_stack/install/local_setup.sh'
[1.289s] INFO:colcon.colcon_core.shell:Creating prefix util module '/home/vboxuser/colcon_ws/src/v2x_stack/install/_local_setup_util_sh.py'
[1.290s] INFO:colcon.colcon_core.shell:Creating prefix chain script '/home/vboxuser/colcon_ws/src/v2x_stack/install/setup.sh'
[1.293s] INFO:colcon.colcon_core.shell:Creating prefix script '/home/vboxuser/colcon_ws/src/v2x_stack/install/local_setup.bash'
[1.296s] INFO:colcon.colcon_core.shell:Creating prefix chain script '/home/vboxuser/colcon_ws/src/v2x_stack/install/setup.bash'
[1.299s] INFO:colcon.colcon_core.shell:Creating prefix script '/home/vboxuser/colcon_ws/src/v2x_stack/install/local_setup.zsh'
[1.304s] INFO:colcon.colcon_core.shell:Creating prefix chain script '/home/vboxuser/colcon_ws/src/v2x_stack/install/setup.zsh'
