[0.020s] Invoking command in '/home/vboxuser/colcon_ws/src/v2x_stack/build/v2x_stack_btp': CMAKE_PREFIX_PATH=${CMAKE_PREFIX_PATH}:/opt/ros/jazzy DEBUGINFOD_URLS=https://debuginfod.ubuntu.com /usr/bin/cmake /home/vboxuser/colcon_ws/src/v2x_stack -DCMAKE_INSTALL_PREFIX=/home/vboxuser/colcon_ws/src/v2x_stack/install/v2x_stack_btp
[0.046s] -- Found ament_cmake: 2.5.4 (/opt/ros/jazzy/share/ament_cmake/cmake)
[0.291s] -- Found rclcpp: 28.1.9 (/opt/ros/jazzy/share/rclcpp/cmake)
[0.324s] -- Found rosidl_generator_c: 4.6.5 (/opt/ros/jazzy/share/rosidl_generator_c/cmake)
[0.335s] -- Found rosidl_generator_cpp: 4.6.5 (/opt/ros/jazzy/share/rosidl_generator_cpp/cmake)
[0.347s] -- Using all available rosidl_typesupport_c: rosidl_typesupport_fastrtps_c;rosidl_typesupport_introspection_c
[0.361s] -- Using all available rosidl_typesupport_cpp: rosidl_typesupport_fastrtps_cpp;rosidl_typesupport_introspection_cpp
[0.433s] -- Found rmw_implementation_cmake: 7.3.2 (/opt/ros/jazzy/share/rmw_implementation_cmake/cmake)
[0.433s] -- Found rmw_fastrtps_cpp: 8.4.2 (/opt/ros/jazzy/share/rmw_fastrtps_cpp/cmake)
[0.509s] -- Using RMW implementation 'rmw_fastrtps_cpp' as default
[0.585s] -- Found rclcpp_components: 28.1.9 (/opt/ros/jazzy/share/rclcpp_components/cmake)
[0.617s] -- Found std_msgs: 5.3.6 (/opt/ros/jazzy/share/std_msgs/cmake)
[0.633s] -- Found rosidl_default_generators: 1.6.0 (/opt/ros/jazzy/share/rosidl_default_generators/cmake)
[0.642s] -- Found rosidl_adapter: 4.6.5 (/opt/ros/jazzy/share/rosidl_adapter/cmake)
[0.656s] [31mCMake Error at CMakeLists.txt:10 (find_package):
[0.656s]   By not providing "Findros_etsi_its_msgs.cmake" in CMAKE_MODULE_PATH this
[0.657s]   project has asked CMake to find a package configuration file provided by
[0.657s]   "ros_etsi_its_msgs", but CMake did not find one.
[0.657s] 
[0.657s]   Could not find a package configuration file provided by "ros_etsi_its_msgs"
[0.657s]   with any of the following names:
[0.657s] 
[0.657s]     ros_etsi_its_msgsConfig.cmake
[0.657s]     ros_etsi_its_msgs-config.cmake
[0.657s] 
[0.657s]   Add the installation prefix of "ros_etsi_its_msgs" to CMAKE_PREFIX_PATH or
[0.657s]   set "ros_etsi_its_msgs_DIR" to a directory containing one of the above
[0.657s]   files.  If "ros_etsi_its_msgs" provides a separate development package or
[0.657s]   SDK, be sure it has been installed.
[0.657s] 
[0.658s] [0m
[0.658s] -- Configuring incomplete, errors occurred!
[0.668s] Invoked command in '/home/vboxuser/colcon_ws/src/v2x_stack/build/v2x_stack_btp' returned '1': CMAKE_PREFIX_PATH=${CMAKE_PREFIX_PATH}:/opt/ros/jazzy DEBUGINFOD_URLS=https://debuginfod.ubuntu.com /usr/bin/cmake /home/vboxuser/colcon_ws/src/v2x_stack -DCMAKE_INSTALL_PREFIX=/home/vboxuser/colcon_ws/src/v2x_stack/install/v2x_stack_btp
